
/home/runner/work/exp-fine-coarse-aggregate-dei/exp-fine-coarse-aggregate-dei/experiment/simulation/js/CoarseAggregate/step1.js
   45:39  warning  'evt' is defined but never used  no-unused-vars
  150:9   warning  'nextToStep2' is not defined     no-undef

/home/runner/work/exp-fine-coarse-aggregate-dei/exp-fine-coarse-aggregate-dei/experiment/simulation/js/CoarseAggregate/step10.js
   1:10  warning  'gif10a' is defined but never used  no-unused-vars
   6:5   warning  'myTimeout' is not defined          no-undef
  12:12  warning  'gif10b' is defined but never used  no-unused-vars
  17:5   warning  'myTimeout' is not defined          no-undef
  23:12  warning  'gif10c' is defined but never used  no-unused-vars
  28:5   warning  'myTimeout' is not defined          no-undef
  34:12  warning  'gif10d' is defined but never used  no-unused-vars
  39:5   warning  'myTimeout' is not defined          no-undef
  45:12  warning  'gif10e' is defined but never used  no-unused-vars
  50:5   warning  'myTimeout' is not defined          no-undef
  56:12  warning  'gif10f' is defined but never used  no-unused-vars
  61:5   warning  'myTimeout' is not defined          no-undef

/home/runner/work/exp-fine-coarse-aggregate-dei/exp-fine-coarse-aggregate-dei/experiment/simulation/js/CoarseAggregate/step11.js
  1:10  warning  'gif11a' is defined but never used  no-unused-vars

/home/runner/work/exp-fine-coarse-aggregate-dei/exp-fine-coarse-aggregate-dei/experiment/simulation/js/CoarseAggregate/step3.js
    1:10  warning  'gif3a' is defined but never used  no-unused-vars
    6:5   warning  'myTimeout' is not defined         no-undef
   15:12  warning  'gif3e' is defined but never used  no-unused-vars
   20:5   warning  'myTimeout' is not defined         no-undef
   28:12  warning  'gif3f' is defined but never used  no-unused-vars
   33:5   warning  'myTimeout' is not defined         no-undef
   41:12  warning  'gif3g' is defined but never used  no-unused-vars
   46:5   warning  'myTimeout' is not defined         no-undef
   54:12  warning  'gif3h' is defined but never used  no-unused-vars
   59:5   warning  'myTimeout' is not defined         no-undef
   67:12  warning  'gif3i' is defined but never used  no-unused-vars
   72:5   warning  'myTimeout' is not defined         no-undef
   82:12  warning  'gif3b' is defined but never used  no-unused-vars
   87:5   warning  'myTimeout' is not defined         no-undef
   97:12  warning  'gif3c' is defined but never used  no-unused-vars
  102:5   warning  'myTimeout' is not defined         no-undef
  112:12  warning  'gif3d' is defined but never used  no-unused-vars
  117:5   warning  'myTimeout' is not defined         no-undef

/home/runner/work/exp-fine-coarse-aggregate-dei/exp-fine-coarse-aggregate-dei/experiment/simulation/js/CoarseAggregate/step4.js
  1:10  warning  'gif4a' is defined but never used  no-unused-vars
  6:5   warning  'myTimeout' is not defined         no-undef

/home/runner/work/exp-fine-coarse-aggregate-dei/exp-fine-coarse-aggregate-dei/experiment/simulation/js/CoarseAggregate/step5.js
   1:10  warning  'gif5a' is defined but never used  no-unused-vars
   6:5   warning  'myTimeout' is not defined         no-undef
  15:10  warning  'gif5b' is defined but never used  no-unused-vars
  20:5   warning  'myTimeout' is not defined         no-undef
  28:10  warning  'gif5c' is defined but never used  no-unused-vars
  33:5   warning  'myTimeout' is not defined         no-undef
  41:10  warning  'gif5d' is defined but never used  no-unused-vars
  46:5   warning  'myTimeout' is not defined         no-undef

/home/runner/work/exp-fine-coarse-aggregate-dei/exp-fine-coarse-aggregate-dei/experiment/simulation/js/CoarseAggregate/step6.js
  1:10  warning  'gif6a' is defined but never used  no-unused-vars
  6:5   warning  'myTimeout' is not defined         no-undef

/home/runner/work/exp-fine-coarse-aggregate-dei/exp-fine-coarse-aggregate-dei/experiment/simulation/js/CoarseAggregate/step8.js
  1:10  warning  'gif8a' is defined but never used  no-unused-vars
  6:5   warning  'myTimeout' is not defined         no-undef

/home/runner/work/exp-fine-coarse-aggregate-dei/exp-fine-coarse-aggregate-dei/experiment/simulation/js/CoarseAggregate/step9.js
  1:10  warning  'gif9a' is defined but never used  no-unused-vars
  6:5   warning  'myTimeout' is not defined         no-undef

/home/runner/work/exp-fine-coarse-aggregate-dei/exp-fine-coarse-aggregate-dei/experiment/simulation/js/FineAggregate/step1.js
   45:39  warning  'evt' is defined but never used  no-unused-vars
  150:9   warning  'nextToStep2' is not defined     no-undef

/home/runner/work/exp-fine-coarse-aggregate-dei/exp-fine-coarse-aggregate-dei/experiment/simulation/js/FineAggregate/step10.js
   1:10  warning  'gif10a' is defined but never used  no-unused-vars
   6:5   warning  'myTimeout' is not defined          no-undef
  12:12  warning  'gif10b' is defined but never used  no-unused-vars
  17:5   warning  'myTimeout' is not defined          no-undef
  23:12  warning  'gif10c' is defined but never used  no-unused-vars
  28:5   warning  'myTimeout' is not defined          no-undef
  34:12  warning  'gif10d' is defined but never used  no-unused-vars
  39:5   warning  'myTimeout' is not defined          no-undef
  45:12  warning  'gif10e' is defined but never used  no-unused-vars
  50:5   warning  'myTimeout' is not defined          no-undef
  56:12  warning  'gif10f' is defined but never used  no-unused-vars
  61:5   warning  'myTimeout' is not defined          no-undef

/home/runner/work/exp-fine-coarse-aggregate-dei/exp-fine-coarse-aggregate-dei/experiment/simulation/js/FineAggregate/step11.js
  1:10  warning  'gif11a' is defined but never used  no-unused-vars

/home/runner/work/exp-fine-coarse-aggregate-dei/exp-fine-coarse-aggregate-dei/experiment/simulation/js/FineAggregate/step3.js
    1:10  warning  'gif3a' is defined but never used  no-unused-vars
    6:3   warning  'myTimeout' is not defined         no-undef
   15:10  warning  'gif3e' is defined but never used  no-unused-vars
   20:3   warning  'myTimeout' is not defined         no-undef
   28:10  warning  'gif3f' is defined but never used  no-unused-vars
   33:3   warning  'myTimeout' is not defined         no-undef
   41:10  warning  'gif3g' is defined but never used  no-unused-vars
   46:3   warning  'myTimeout' is not defined         no-undef
   54:10  warning  'gif3h' is defined but never used  no-unused-vars
   59:3   warning  'myTimeout' is not defined         no-undef
   67:10  warning  'gif3i' is defined but never used  no-unused-vars
   72:3   warning  'myTimeout' is not defined         no-undef
   82:10  warning  'gif3b' is defined but never used  no-unused-vars
   87:3   warning  'myTimeout' is not defined         no-undef
   97:10  warning  'gif3c' is defined but never used  no-unused-vars
  102:3   warning  'myTimeout' is not defined         no-undef
  112:10  warning  'gif3d' is defined but never used  no-unused-vars
  117:3   warning  'myTimeout' is not defined         no-undef

/home/runner/work/exp-fine-coarse-aggregate-dei/exp-fine-coarse-aggregate-dei/experiment/simulation/js/FineAggregate/step4.js
  1:10  warning  'gif4a' is defined but never used  no-unused-vars
  6:5   warning  'myTimeout' is not defined         no-undef

/home/runner/work/exp-fine-coarse-aggregate-dei/exp-fine-coarse-aggregate-dei/experiment/simulation/js/FineAggregate/step5.js
   1:10  warning  'gif5a' is defined but never used  no-unused-vars
   6:5   warning  'myTimeout' is not defined         no-undef
  15:10  warning  'gif5b' is defined but never used  no-unused-vars
  20:5   warning  'myTimeout' is not defined         no-undef
  28:10  warning  'gif5c' is defined but never used  no-unused-vars
  33:5   warning  'myTimeout' is not defined         no-undef
  41:10  warning  'gif5d' is defined but never used  no-unused-vars
  46:5   warning  'myTimeout' is not defined         no-undef

/home/runner/work/exp-fine-coarse-aggregate-dei/exp-fine-coarse-aggregate-dei/experiment/simulation/js/FineAggregate/step6.js
  1:10  warning  'gif6a' is defined but never used  no-unused-vars
  6:5   warning  'myTimeout' is not defined         no-undef

/home/runner/work/exp-fine-coarse-aggregate-dei/exp-fine-coarse-aggregate-dei/experiment/simulation/js/FineAggregate/step8.js
  1:10  warning  'gif8a' is defined but never used  no-unused-vars
  6:5   warning  'myTimeout' is not defined         no-undef

/home/runner/work/exp-fine-coarse-aggregate-dei/exp-fine-coarse-aggregate-dei/experiment/simulation/js/FineAggregate/step9.js
  1:10  warning  'gif9a' is defined but never used  no-unused-vars
  6:5   warning  'myTimeout' is not defined         no-undef

/home/runner/work/exp-fine-coarse-aggregate-dei/exp-fine-coarse-aggregate-dei/experiment/simulation/js/main.js
  4:39  warning  'evt' is defined but never used  no-unused-vars
  8:40  warning  'evt' is defined but never used  no-unused-vars

✖ 100 problems (0 errors, 100 warnings)

